1777683706296 | log initialized
1777683706296 | app started
1777683706296 | embedding log path: log/embedding.log
1777683714087 | selected corpus path: /home/praagya/Sandbox/locursdb/corpus/sample.txt
1777683714087 | query accepted: 13 chars
1777683714087 | reading and chunking corpus started
1777683714102 | reading and chunking corpus finished: chunks=12884
1777683714104 | embedding conversion started: chunks=12884, batch_size=128, batches=101, concurrency=8
1777683714104 | embedding batch 1/101 started: inputs=128
1777683714104 | embedding batch 2/101 started: inputs=128
1777683714104 | embedding batch 3/101 started: inputs=128
1777683714104 | embedding batch 4/101 started: inputs=128
1777683714104 | embedding batch 5/101 started: inputs=128
1777683714104 | embedding batch 6/101 started: inputs=128
1777683714104 | embedding batch 7/101 started: inputs=128
1777683714104 | embedding batch 8/101 started: inputs=128
1777683715744 | embedding batch 1/101 finished: embeddings=128
1777683715746 | embedding batch 5/101 finished: embeddings=128
1777683715748 | embedding batch 8/101 finished: embeddings=128
1777683715748 | embedding batch 9/101 started: inputs=128
1777683715888 | embedding batch 7/101 finished: embeddings=128
1777683716019 | embedding batch 2/101 finished: embeddings=128
1777683716019 | embedding batch 10/101 started: inputs=128
1777683716159 | embedding batch 6/101 finished: embeddings=128
1777683716327 | embedding batch 3/101 finished: embeddings=128
1777683716327 | embedding batch 11/101 started: inputs=128
1777683716370 | embedding batch 4/101 finished: embeddings=128
1777683716370 | embedding batch 12/101 started: inputs=128
1777683716370 | embedding batch 13/101 started: inputs=128
1777683716370 | embedding batch 14/101 started: inputs=128
1777683716370 | embedding batch 15/101 started: inputs=128
1777683716370 | embedding batch 16/101 started: inputs=128
1777683716389 | embedding batch 9/101 finished: embeddings=128
1777683716389 | embedding batch 17/101 started: inputs=128
1777683716691 | embedding batch 10/101 finished: embeddings=128
1777683716691 | embedding batch 18/101 started: inputs=128
1777683717054 | embedding batch 11/101 finished: embeddings=128
1777683717054 | embedding batch 19/101 started: inputs=128
1777683717171 | embedding batch 16/101 finished: embeddings=128
1777683717249 | embedding batch 15/101 finished: embeddings=128
1777683717317 | embedding batch 12/101 finished: embeddings=128
1777683717319 | embedding batch 18/101 finished: embeddings=128
1777683717319 | embedding batch 20/101 started: inputs=128
1777683717370 | embedding batch 17/101 finished: embeddings=128
1777683717398 | embedding batch 14/101 finished: embeddings=128
1777683717541 | embedding batch 13/101 finished: embeddings=128
1777683717541 | embedding batch 21/101 started: inputs=128
1777683717541 | embedding batch 22/101 started: inputs=128
1777683717541 | embedding batch 23/101 started: inputs=128
1777683717541 | embedding batch 24/101 started: inputs=128
1777683717541 | embedding batch 25/101 started: inputs=128
1777683717541 | embedding batch 26/101 started: inputs=128
1777683717780 | embedding batch 19/101 finished: embeddings=128
1777683717780 | embedding batch 27/101 started: inputs=128
1777683717917 | embedding batch 20/101 finished: embeddings=128
1777683717917 | embedding batch 28/101 started: inputs=128
1777683718248 | embedding batch 24/101 finished: embeddings=128
1777683718300 | embedding batch 25/101 finished: embeddings=128
1777683718340 | embedding batch 26/101 finished: embeddings=128
1777683718426 | embedding batch 21/101 finished: embeddings=128
1777683718426 | embedding batch 29/101 started: inputs=128
1777683718469 | embedding batch 23/101 finished: embeddings=128
1777683718485 | embedding batch 27/101 finished: embeddings=128
1777683718505 | embedding batch 22/101 finished: embeddings=128
1777683718505 | embedding batch 30/101 started: inputs=128
1777683718505 | embedding batch 31/101 started: inputs=128
1777683718505 | embedding batch 32/101 started: inputs=128
1777683718505 | embedding batch 33/101 started: inputs=128
1777683718505 | embedding batch 34/101 started: inputs=128
1777683718505 | embedding batch 35/101 started: inputs=128
1777683718549 | embedding batch 28/101 finished: embeddings=128
1777683718549 | embedding batch 36/101 started: inputs=128
1777683719160 | embedding batch 29/101 finished: embeddings=128
1777683719160 | embedding batch 37/101 started: inputs=128
1777683719195 | embedding batch 31/101 finished: embeddings=128
1777683719221 | embedding batch 30/101 finished: embeddings=128
1777683719221 | embedding batch 38/101 started: inputs=128
1777683719221 | embedding batch 39/101 started: inputs=128
1777683719285 | embedding batch 32/101 finished: embeddings=128
1777683719285 | embedding batch 40/101 started: inputs=128
1777683719370 | embedding batch 33/101 finished: embeddings=128
1777683719370 | embedding batch 41/101 started: inputs=128
1777683719410 | embedding batch 34/101 finished: embeddings=128
1777683719410 | embedding batch 42/101 started: inputs=128
1777683719452 | embedding batch 36/101 finished: embeddings=128
1777683719462 | embedding batch 35/101 finished: embeddings=128
1777683719462 | embedding batch 43/101 started: inputs=128
1777683719462 | embedding batch 44/101 started: inputs=128
1777683719771 | embedding batch 37/101 finished: embeddings=128
1777683719771 | embedding batch 45/101 started: inputs=128
1777683719915 | embedding batch 39/101 finished: embeddings=128
1777683720030 | embedding batch 38/101 finished: embeddings=128
1777683720030 | embedding batch 46/101 started: inputs=128
1777683720030 | embedding batch 47/101 started: inputs=128
1777683720145 | embedding batch 42/101 finished: embeddings=128
1777683720200 | embedding batch 40/101 finished: embeddings=128
1777683720200 | embedding batch 48/101 started: inputs=128
1777683720223 | embedding batch 41/101 finished: embeddings=128
1777683720225 | embedding batch 44/101 finished: embeddings=128
1777683720225 | embedding batch 49/101 started: inputs=128
1777683720225 | embedding batch 50/101 started: inputs=128
1777683720255 | embedding batch 43/101 finished: embeddings=128
1777683720255 | embedding batch 51/101 started: inputs=128
1777683720255 | embedding batch 52/101 started: inputs=128
1777683720334 | embedding batch 45/101 finished: embeddings=128
1777683720334 | embedding batch 53/101 started: inputs=128
1777683720705 | embedding batch 47/101 finished: embeddings=128
1777683720921 | embedding batch 51/101 finished: embeddings=128
1777683721008 | embedding batch 50/101 finished: embeddings=128
1777683721030 | embedding batch 46/101 finished: embeddings=128
1777683721030 | embedding batch 54/101 started: inputs=128
1777683721030 | embedding batch 55/101 started: inputs=128
1777683721053 | embedding batch 48/101 finished: embeddings=128
1777683721053 | embedding batch 56/101 started: inputs=128
1777683721148 | embedding batch 53/101 finished: embeddings=128
1777683721191 | embedding batch 49/101 finished: embeddings=128
1777683721191 | embedding batch 57/101 started: inputs=128
1777683721191 | embedding batch 58/101 started: inputs=128
1777683721191 | embedding batch 59/101 started: inputs=128
1777683721207 | embedding batch 52/101 finished: embeddings=128
1777683721207 | embedding batch 60/101 started: inputs=128
1777683721207 | embedding batch 61/101 started: inputs=128
1777683721672 | embedding batch 56/101 finished: embeddings=128
1777683721698 | embedding batch 55/101 finished: embeddings=128
1777683721847 | embedding batch 54/101 finished: embeddings=128
1777683721847 | embedding batch 62/101 started: inputs=128
1777683721847 | embedding batch 63/101 started: inputs=128
1777683721847 | embedding batch 64/101 started: inputs=128
1777683721919 | embedding batch 60/101 finished: embeddings=128
1777683721946 | embedding batch 59/101 finished: embeddings=128
1777683722015 | embedding batch 57/101 finished: embeddings=128
1777683722015 | embedding batch 65/101 started: inputs=128
1777683722036 | embedding batch 61/101 finished: embeddings=128
1777683722069 | embedding batch 58/101 finished: embeddings=128
1777683722069 | embedding batch 66/101 started: inputs=128
1777683722069 | embedding batch 67/101 started: inputs=128
1777683722069 | embedding batch 68/101 started: inputs=128
1777683722069 | embedding batch 69/101 started: inputs=128
1777683722508 | embedding batch 63/101 finished: embeddings=128
1777683722538 | embedding batch 62/101 finished: embeddings=128
1777683722538 | embedding batch 70/101 started: inputs=128
1777683722538 | embedding batch 71/101 started: inputs=128
1777683722627 | embedding batch 64/101 finished: embeddings=128
1777683722627 | embedding batch 72/101 started: inputs=128
1777683722654 | embedding batch 69/101 finished: embeddings=128
1777683722823 | embedding batch 68/101 finished: embeddings=128
1777683722847 | embedding batch 65/101 finished: embeddings=128
1777683722847 | embedding batch 73/101 started: inputs=128
1777683722900 | embedding batch 67/101 finished: embeddings=128
1777683722924 | embedding batch 66/101 finished: embeddings=128
1777683722924 | embedding batch 74/101 started: inputs=128
1777683722924 | embedding batch 75/101 started: inputs=128
1777683722924 | embedding batch 76/101 started: inputs=128
1777683722924 | embedding batch 77/101 started: inputs=128
1777683723092 | embedding batch 70/101 finished: embeddings=128
1777683723092 | embedding batch 78/101 started: inputs=128
1777683723148 | embedding batch 71/101 finished: embeddings=128
1777683723148 | embedding batch 79/101 started: inputs=128
1777683723208 | embedding batch 72/101 finished: embeddings=128
1777683723208 | embedding batch 80/101 started: inputs=128
1777683723487 | embedding batch 73/101 finished: embeddings=128
1777683723487 | embedding batch 81/101 started: inputs=128
1777683723503 | embedding batch 76/101 finished: embeddings=128
1777683723593 | embedding batch 74/101 finished: embeddings=128
1777683723593 | embedding batch 82/101 started: inputs=128
1777683723673 | embedding batch 75/101 finished: embeddings=128
1777683723673 | embedding batch 83/101 started: inputs=128
1777683723673 | embedding batch 84/101 started: inputs=128
1777683723772 | embedding batch 77/101 finished: embeddings=128
1777683723772 | embedding batch 85/101 started: inputs=128
1777683723885 | embedding batch 79/101 finished: embeddings=128
1777683723898 | embedding batch 80/101 finished: embeddings=128
1777683723922 | embedding batch 78/101 finished: embeddings=128
1777683723922 | embedding batch 86/101 started: inputs=128
1777683723922 | embedding batch 87/101 started: inputs=128
1777683723922 | embedding batch 88/101 started: inputs=128
1777683724172 | embedding batch 82/101 finished: embeddings=128
1777683724259 | embedding batch 81/101 finished: embeddings=128
1777683724259 | embedding batch 89/101 started: inputs=128
1777683724259 | embedding batch 90/101 started: inputs=128
1777683724303 | embedding batch 85/101 finished: embeddings=128
1777683724331 | embedding batch 84/101 finished: embeddings=128
1777683724439 | embedding batch 83/101 finished: embeddings=128
1777683724439 | embedding batch 91/101 started: inputs=128
1777683724439 | embedding batch 92/101 started: inputs=128
1777683724439 | embedding batch 93/101 started: inputs=128
1777683724512 | embedding batch 88/101 finished: embeddings=128
1777683724525 | embedding batch 87/101 finished: embeddings=128
1777683724808 | embedding batch 86/101 finished: embeddings=128
1777683724808 | embedding batch 94/101 started: inputs=128
1777683724808 | embedding batch 95/101 started: inputs=128
1777683724808 | embedding batch 96/101 started: inputs=128
1777683724870 | embedding batch 90/101 finished: embeddings=128
1777683725007 | embedding batch 93/101 finished: embeddings=128
1777683725102 | embedding batch 91/101 finished: embeddings=128
1777683725114 | embedding batch 89/101 finished: embeddings=128
1777683725114 | embedding batch 97/101 started: inputs=128
1777683725114 | embedding batch 98/101 started: inputs=128
1777683725114 | embedding batch 99/101 started: inputs=128
1777683725147 | embedding batch 92/101 finished: embeddings=128
1777683725147 | embedding batch 100/101 started: inputs=128
1777683725147 | embedding batch 101/101 started: inputs=84
1777683725394 | embedding batch 94/101 finished: embeddings=128
1777683725434 | embedding batch 96/101 finished: embeddings=128
1777683725465 | embedding batch 95/101 finished: embeddings=128
1777683725535 | embedding batch 101/101 finished: embeddings=84
1777683725685 | embedding batch 98/101 finished: embeddings=128
1777683725718 | embedding batch 97/101 finished: embeddings=128
1777683725906 | embedding batch 100/101 finished: embeddings=128
1777683726018 | embedding batch 99/101 finished: embeddings=128
1777683726018 | embedding conversion finished: embeddings=12884
1777683726018 | vector store creation started
1777683726060 | vector store creation finished
1777683726060 | query embedding started: top_k=5
1777683726358 | query embedding finished
1777683726358 | top-k search started
1777683726362 | top-k search finished
